<?xml version="1.0" encoding="UTF-8"?>
<testng-results ignored="0" total="1" passed="1" failed="0" skipped="0">
  <reporter-output>
  </reporter-output>
  <suite started-at="2025-05-23T20:34:40 IST" name="Default suite" finished-at="2025-05-23T20:34:48 IST" duration-ms="7585">
    <groups>
    </groups>
    <test started-at="2025-05-23T20:34:40 IST" name="Default test" finished-at="2025-05-23T20:34:48 IST" duration-ms="7585">
      <class name="com.mycompany.jenkins_demo.GoogleTestNew">
        <test-method signature="openGoogle()[pri:0, instance:com.mycompany.jenkins_demo.GoogleTestNew@63021689]" started-at="2025-05-23T20:34:40 IST" name="openGoogle" finished-at="2025-05-23T20:34:48 IST" duration-ms="7568" status="PASS">
          <reporter-output>
          </reporter-output>
        </test-method> <!-- openGoogle -->
      </class> <!-- com.mycompany.jenkins_demo.GoogleTestNew -->
    </test> <!-- Default test -->
  </suite> <!-- Default suite -->
</testng-results>
